2019-12-05T12:22:41: >>> Adobe Updater Log Begin >>>
2019-12-05T12:22:41: Application Version: 6.0.0.24
2019-12-05T12:22:41: cmdline option: -logFile = C:\Users\User\AppData\Local\Adobe\AAMUpdater\1.0\aamun.log
2019-12-05T12:22:41: cmdline option: -logLevel = 2
2019-12-05T12:30:31: <<< Adobe Updater Log End <<<


2019-12-25T03:00:01: >>> Adobe Updater Log Begin >>>
2019-12-25T03:00:01: Application Version: 6.0.0.24
2019-12-25T03:00:01: cmdline option: -logFile = C:\Users\User\AppData\Local\Adobe\AAMUpdater\1.0\aamun.log
2019-12-25T03:00:01: cmdline option: -logLevel = 2
2019-12-25T03:26:38: <<< Adobe Updater Log End <<<


2020-01-21T03:13:41: >>> Adobe Updater Log Begin >>>
2020-01-21T03:13:41: Application Version: 6.0.0.24
2020-01-21T03:13:41: cmdline option: -logFile = C:\Users\User\AppData\Local\Adobe\AAMUpdater\1.0\aamun.log
2020-01-21T03:13:41: cmdline option: -logLevel = 2
2020-01-21T04:18:41: <<< Adobe Updater Log End <<<


2020-05-31T12:25:29: >>> Adobe Updater Log Begin >>>
2020-05-31T12:25:29: Application Version: 6.0.0.24
2020-05-31T12:25:29: cmdline option: -logFile = C:\Users\User\AppData\Local\Adobe\AAMUpdater\1.0\aamun.log
2020-05-31T12:25:29: cmdline option: -logLevel = 2
2020-05-31T12:28:26: <<< Adobe Updater Log End <<<


2020-06-01T03:55:53: >>> Adobe Updater Log Begin >>>
2020-06-01T03:55:53: Application Version: 6.0.0.24
2020-06-01T03:55:53: cmdline option: -logFile = C:\Users\User\AppData\Local\Adobe\AAMUpdater\1.0\aamun.log
2020-06-01T03:55:53: cmdline option: -logLevel = 2
2020-06-01T05:21:22: <<< Adobe Updater Log End <<<


2020-06-02T13:14:14: >>> Adobe Updater Log Begin >>>
2020-06-02T13:14:14: Application Version: 6.0.0.24
2020-06-02T13:14:14: cmdline option: -logFile = C:\Users\User\AppData\Local\Adobe\AAMUpdater\1.0\aamun.log
2020-06-02T13:14:14: cmdline option: -logLevel = 2
2020-06-02T13:53:55: <<< Adobe Updater Log End <<<


2020-06-04T12:27:57: >>> Adobe Updater Log Begin >>>
2020-06-04T12:27:57: Application Version: 6.0.0.24
2020-06-04T12:27:57: cmdline option: -logFile = C:\Users\User\AppData\Local\Adobe\AAMUpdater\1.0\aamun.log
2020-06-04T12:27:57: cmdline option: -logLevel = 2
2020-06-04T12:55:05: <<< Adobe Updater Log End <<<


2020-06-11T10:05:57: >>> Adobe Updater Log Begin >>>
2020-06-11T10:05:57: Application Version: 6.0.0.24
2020-06-11T10:05:57: cmdline option: -logFile = C:\Users\User\AppData\Local\Adobe\AAMUpdater\1.0\aamun.log
2020-06-11T10:05:57: cmdline option: -logLevel = 2
2020-06-11T10:06:34: <<< Adobe Updater Log End <<<


2020-06-11T10:49:27: >>> Adobe Updater Log Begin >>>
2020-06-11T10:49:27: Application Version: 6.0.0.24
2020-06-11T10:49:27: cmdline option: -logFile = C:\Users\User\AppData\Local\Adobe\AAMUpdater\1.0\aamun.log
2020-06-11T10:49:27: cmdline option: -logLevel = 2
2020-06-11T11:02:13: <<< Adobe Updater Log End <<<


2020-06-14T12:50:54: >>> Adobe Updater Log Begin >>>
2020-06-14T12:50:54: Application Version: 6.0.0.24
2020-06-14T12:50:54: cmdline option: -logFile = C:\Users\User\AppData\Local\Adobe\AAMUpdater\1.0\aamun.log
2020-06-14T12:50:54: cmdline option: -logLevel = 2
2020-06-14T13:05:23: <<< Adobe Updater Log End <<<


2020-06-19T09:12:22: >>> Adobe Updater Log Begin >>>
2020-06-19T09:12:22: Application Version: 6.0.0.24
2020-06-19T09:12:22: cmdline option: -logFile = C:\Users\User\AppData\Local\Adobe\AAMUpdater\1.0\aamun.log
2020-06-19T09:12:22: cmdline option: -logLevel = 2
2020-06-19T10:22:06: <<< Adobe Updater Log End <<<


2020-06-20T03:57:28: >>> Adobe Updater Log Begin >>>
2020-06-20T03:57:28: Application Version: 6.0.0.24
2020-06-20T03:57:28: cmdline option: -logFile = C:\Users\User\AppData\Local\Adobe\AAMUpdater\1.0\aamun.log
2020-06-20T03:57:28: cmdline option: -logLevel = 2
2020-06-20T04:01:37: <<< Adobe Updater Log End <<<


2020-06-21T02:09:06: >>> Adobe Updater Log Begin >>>
2020-06-21T02:09:06: Application Version: 6.0.0.24
2020-06-21T02:09:06: cmdline option: -logFile = C:\Users\User\AppData\Local\Adobe\AAMUpdater\1.0\aamun.log
2020-06-21T02:09:06: cmdline option: -logLevel = 2
2020-06-21T07:12:59: <<< Adobe Updater Log End <<<


2020-06-28T13:05:16: >>> Adobe Updater Log Begin >>>
2020-06-28T13:05:16: Application Version: 6.0.0.24
2020-06-28T13:05:16: cmdline option: -logFile = C:\Users\User\AppData\Local\Adobe\AAMUpdater\1.0\aamun.log
2020-06-28T13:05:16: cmdline option: -logLevel = 2
2020-06-29T04:03:14: >>> Adobe Updater Log Begin >>>
2020-06-29T04:03:14: Application Version: 6.0.0.24
2020-06-29T04:03:14: cmdline option: -logFile = C:\Users\User\AppData\Local\Adobe\AAMUpdater\1.0\aamun.log
2020-06-29T04:03:14: cmdline option: -logLevel = 2
2020-06-29T04:04:36: <<< Adobe Updater Log End <<<


2020-08-05T02:46:42: >>> Adobe Updater Log Begin >>>
2020-08-05T02:46:42: Application Version: 6.0.0.24
2020-08-05T02:46:42: cmdline option: -logFile = C:\Users\User\AppData\Local\Adobe\AAMUpdater\1.0\aamun.log
2020-08-05T02:46:42: cmdline option: -logLevel = 2
2020-08-05T03:15:26: <<< Adobe Updater Log End <<<


2020-08-05T03:26:05: >>> Adobe Updater Log Begin >>>
2020-08-05T03:26:05: Application Version: 6.0.0.24
2020-08-05T03:26:05: cmdline option: -logFile = C:\Users\User\AppData\Local\Adobe\AAMUpdater\1.0\aamun.log
2020-08-05T03:26:05: cmdline option: -logLevel = 2
2020-08-05T05:41:34: <<< Adobe Updater Log End <<<


2020-08-05T06:52:04: >>> Adobe Updater Log Begin >>>
2020-08-05T06:52:04: Application Version: 6.0.0.24
2020-08-05T06:52:04: cmdline option: -logFile = C:\Users\User\AppData\Local\Adobe\AAMUpdater\1.0\aamun.log
2020-08-05T06:52:04: cmdline option: -logLevel = 2
2020-08-05T07:13:37: <<< Adobe Updater Log End <<<


2020-08-05T12:09:10: >>> Adobe Updater Log Begin >>>
2020-08-05T12:09:10: Application Version: 6.0.0.24
2020-08-05T12:09:10: cmdline option: -logFile = C:\Users\User\AppData\Local\Adobe\AAMUpdater\1.0\aamun.log
2020-08-05T12:09:10: cmdline option: -logLevel = 2
2020-08-05T12:49:22: <<< Adobe Updater Log End <<<


2020-08-06T02:44:58: >>> Adobe Updater Log Begin >>>
2020-08-06T02:44:58: Application Version: 6.0.0.24
2020-08-06T02:44:58: cmdline option: -logFile = C:\Users\User\AppData\Local\Adobe\AAMUpdater\1.0\aamun.log
2020-08-06T02:44:58: cmdline option: -logLevel = 2
2020-08-06T03:41:40: <<< Adobe Updater Log End <<<


2020-08-06T08:03:26: >>> Adobe Updater Log Begin >>>
2020-08-06T08:03:26: Application Version: 6.0.0.24
2020-08-06T08:03:26: cmdline option: -logFile = C:\Users\User\AppData\Local\Adobe\AAMUpdater\1.0\aamun.log
2020-08-06T08:03:26: cmdline option: -logLevel = 2
2020-08-06T08:12:37: <<< Adobe Updater Log End <<<


2020-09-13T15:38:46: >>> Adobe Updater Log Begin >>>
2020-09-13T15:38:46: Application Version: 6.0.0.24
2020-09-13T15:38:46: cmdline option: -logFile = C:\Users\User\AppData\Local\Adobe\AAMUpdater\1.0\aamun.log
2020-09-13T15:38:46: cmdline option: -logLevel = 2
2020-09-13T15:39:56: <<< Adobe Updater Log End <<<


2020-09-27T14:02:42: >>> Adobe Updater Log Begin >>>
2020-09-27T14:02:42: Application Version: 6.0.0.24
2020-09-27T14:02:42: cmdline option: -logFile = C:\Users\User\AppData\Local\Adobe\AAMUpdater\1.0\aamun.log
2020-09-27T14:02:42: cmdline option: -logLevel = 2
2020-09-27T16:49:28: <<< Adobe Updater Log End <<<


2020-09-29T11:46:08: >>> Adobe Updater Log Begin >>>
2020-09-29T11:46:08: Application Version: 6.0.0.24
2020-09-29T11:46:08: cmdline option: -logFile = C:\Users\User\AppData\Local\Adobe\AAMUpdater\1.0\aamun.log
2020-09-29T11:46:08: cmdline option: -logLevel = 2
2020-09-29T14:04:42: <<< Adobe Updater Log End <<<


2020-10-01T11:27:47: >>> Adobe Updater Log Begin >>>
2020-10-01T11:27:47: Application Version: 6.0.0.24
2020-10-01T11:27:47: cmdline option: -logFile = C:\Users\User\AppData\Local\Adobe\AAMUpdater\1.0\aamun.log
2020-10-01T11:27:47: cmdline option: -logLevel = 2
2020-10-01T11:29:30: <<< Adobe Updater Log End <<<


2020-10-02T11:40:22: >>> Adobe Updater Log Begin >>>
2020-10-02T11:40:22: Application Version: 6.0.0.24
2020-10-02T11:40:22: cmdline option: -logFile = C:\Users\User\AppData\Local\Adobe\AAMUpdater\1.0\aamun.log
2020-10-02T11:40:22: cmdline option: -logLevel = 2
2020-10-02T12:39:28: <<< Adobe Updater Log End <<<


2020-10-02T12:39:34: >>> Adobe Updater Log Begin >>>
2020-10-02T12:39:34: Application Version: 6.0.0.24
2020-10-02T12:39:34: cmdline option: -logFile = C:\Users\User\AppData\Local\Adobe\AAMUpdater\1.0\aamun.log
2020-10-02T12:39:34: cmdline option: -logLevel = 2
2020-10-02T15:52:37: <<< Adobe Updater Log End <<<


2020-10-03T12:57:04: >>> Adobe Updater Log Begin >>>
2020-10-03T12:57:04: Application Version: 6.0.0.24
2020-10-03T12:57:04: cmdline option: -logFile = C:\Users\User\AppData\Local\Adobe\AAMUpdater\1.0\aamun.log
2020-10-03T12:57:04: cmdline option: -logLevel = 2
2020-10-03T15:01:38: <<< Adobe Updater Log End <<<


2020-10-05T00:47:53: >>> Adobe Updater Log Begin >>>
2020-10-05T00:47:53: Application Version: 6.0.0.24
2020-10-05T00:47:53: cmdline option: -logFile = C:\Users\User\AppData\Local\Adobe\AAMUpdater\1.0\aamun.log
2020-10-05T00:47:53: cmdline option: -logLevel = 2
2020-10-05T00:59:01: <<< Adobe Updater Log End <<<


2020-10-05T01:01:07: >>> Adobe Updater Log Begin >>>
2020-10-05T01:01:07: Application Version: 6.0.0.24
2020-10-05T01:01:07: cmdline option: -logFile = C:\Users\User\AppData\Local\Adobe\AAMUpdater\1.0\aamun.log
2020-10-05T01:01:07: cmdline option: -logLevel = 2
2020-10-05T01:03:21: <<< Adobe Updater Log End <<<


2020-10-05T04:36:08: >>> Adobe Updater Log Begin >>>
2020-10-05T04:36:08: Application Version: 6.0.0.24
2020-10-05T04:36:08: cmdline option: -logFile = C:\Users\User\AppData\Local\Adobe\AAMUpdater\1.0\aamun.log
2020-10-05T04:36:08: cmdline option: -logLevel = 2
2020-10-05T07:31:37: <<< Adobe Updater Log End <<<


2020-10-06T04:51:22: >>> Adobe Updater Log Begin >>>
2020-10-06T04:51:22: Application Version: 6.0.0.24
2020-10-06T04:51:22: cmdline option: -logFile = C:\Users\User\AppData\Local\Adobe\AAMUpdater\1.0\aamun.log
2020-10-06T04:51:22: cmdline option: -logLevel = 2
2020-10-06T04:57:19: <<< Adobe Updater Log End <<<


2020-10-06T11:25:49: >>> Adobe Updater Log Begin >>>
2020-10-06T11:25:49: Application Version: 6.0.0.24
2020-10-06T11:25:49: cmdline option: -logFile = C:\Users\User\AppData\Local\Adobe\AAMUpdater\1.0\aamun.log
2020-10-06T11:25:49: cmdline option: -logLevel = 2
2020-10-06T15:56:20: <<< Adobe Updater Log End <<<


2020-12-03T02:33:56: >>> Adobe Updater Log Begin >>>
2020-12-03T02:33:56: Application Version: 6.0.0.24
2020-12-03T02:33:56: cmdline option: -logFile = C:\Users\User\AppData\Local\Adobe\AAMUpdater\1.0\aamun.log
2020-12-03T02:33:56: cmdline option: -logLevel = 2
2020-12-03T03:33:11: <<< Adobe Updater Log End <<<


2020-12-04T07:00:18: >>> Adobe Updater Log Begin >>>
2020-12-04T07:00:18: Application Version: 6.0.0.24
2020-12-04T07:00:18: cmdline option: -logFile = C:\Users\User\AppData\Local\Adobe\AAMUpdater\1.0\aamun.log
2020-12-04T07:00:18: cmdline option: -logLevel = 2
2020-12-04T07:07:23: <<< Adobe Updater Log End <<<


2020-12-04T14:29:43: >>> Adobe Updater Log Begin >>>
2020-12-04T14:29:43: Application Version: 6.0.0.24
2020-12-04T14:29:43: cmdline option: -logFile = C:\Users\User\AppData\Local\Adobe\AAMUpdater\1.0\aamun.log
2020-12-04T14:29:43: cmdline option: -logLevel = 2
2020-12-04T15:21:40: <<< Adobe Updater Log End <<<


2020-12-04T15:30:22: >>> Adobe Updater Log Begin >>>
2020-12-04T15:30:22: Application Version: 6.0.0.24
2020-12-04T15:30:22: cmdline option: -logFile = C:\Users\User\AppData\Local\Adobe\AAMUpdater\1.0\aamun.log
2020-12-04T15:30:22: cmdline option: -logLevel = 2
2020-12-04T16:20:21: <<< Adobe Updater Log End <<<


2020-12-05T04:17:48: >>> Adobe Updater Log Begin >>>
2020-12-05T04:17:48: Application Version: 6.0.0.24
2020-12-05T04:17:48: cmdline option: -logFile = C:\Users\User\AppData\Local\Adobe\AAMUpdater\1.0\aamun.log
2020-12-05T04:17:48: cmdline option: -logLevel = 2
2020-12-05T05:21:35: <<< Adobe Updater Log End <<<


2020-12-05T14:07:05: >>> Adobe Updater Log Begin >>>
2020-12-05T14:07:05: Application Version: 6.0.0.24
2020-12-05T14:07:05: cmdline option: -logFile = C:\Users\User\AppData\Local\Adobe\AAMUpdater\1.0\aamun.log
2020-12-05T14:07:05: cmdline option: -logLevel = 2
2020-12-05T15:32:00: <<< Adobe Updater Log End <<<


2020-12-30T06:26:23: >>> Adobe Updater Log Begin >>>
2020-12-30T06:26:23: Application Version: 6.0.0.24
2020-12-30T06:26:23: cmdline option: -logFile = C:\Users\User\AppData\Local\Adobe\AAMUpdater\1.0\aamun.log
2020-12-30T06:26:23: cmdline option: -logLevel = 2
2020-12-30T06:31:48: <<< Adobe Updater Log End <<<


2021-01-01T18:29:56: >>> Adobe Updater Log Begin >>>
2021-01-01T18:29:56: Application Version: 6.0.0.24
2021-01-01T18:29:56: cmdline option: -logFile = C:\Users\User\AppData\Local\Adobe\AAMUpdater\1.0\aamun.log
2021-01-01T18:29:56: cmdline option: -logLevel = 2
2021-01-01T18:30:24: <<< Adobe Updater Log End <<<


2021-01-02T16:54:27: >>> Adobe Updater Log Begin >>>
2021-01-02T16:54:27: Application Version: 6.0.0.24
2021-01-02T16:54:27: cmdline option: -logFile = C:\Users\User\AppData\Local\Adobe\AAMUpdater\1.0\aamun.log
2021-01-02T16:54:27: cmdline option: -logLevel = 2
2021-01-02T16:54:49: <<< Adobe Updater Log End <<<


2021-01-10T16:42:27: >>> Adobe Updater Log Begin >>>
2021-01-10T16:42:27: Application Version: 6.0.0.24
2021-01-10T16:42:27: cmdline option: -logFile = C:\Users\User\AppData\Local\Adobe\AAMUpdater\1.0\aamun.log
2021-01-10T16:42:27: cmdline option: -logLevel = 2
2021-01-10T16:56:19: <<< Adobe Updater Log End <<<


2021-02-17T00:43:04: >>> Adobe Updater Log Begin >>>
2021-02-17T00:43:04: Application Version: 6.0.0.24
2021-02-17T00:43:04: cmdline option: -logFile = C:\Users\User\AppData\Local\Adobe\AAMUpdater\1.0\aamun.log
2021-02-17T00:43:04: cmdline option: -logLevel = 2
2021-02-17T03:32:38: <<< Adobe Updater Log End <<<


2021-02-18T02:42:08: >>> Adobe Updater Log Begin >>>
2021-02-18T02:42:08: Application Version: 6.0.0.24
2021-02-18T02:42:08: cmdline option: -logFile = C:\Users\User\AppData\Local\Adobe\AAMUpdater\1.0\aamun.log
2021-02-18T02:42:08: cmdline option: -logLevel = 2
2021-02-18T03:07:06: <<< Adobe Updater Log End <<<


